<?xml version="1.0" encoding="UTF-8"?>
<!-- Generated by org.testng.reporters.JUnitReportReporter -->
<testsuite hostname="CBT-CAB3-03" name="com.liqvid.scripts.VerifyHomePage" tests="1" failures="0" timestamp="13 Jan 2017 06:11:57 GMT" time="13.490" errors="0">
  <testcase name="verify" time="13.490" classname="com.liqvid.scripts.VerifyHomePage"/>
</testsuite> <!-- com.liqvid.scripts.VerifyHomePage -->
