<?xml version="1.0" encoding="UTF-8"?>
<!-- Generated by org.testng.reporters.JUnitReportReporter -->
<testsuite hostname="CBT-CAB3-03" name="com.liqvid.scripts.AdminHomeTest" tests="1" failures="0" timestamp="11 Jan 2017 06:28:37 GMT" time="24.537" errors="0">
  <testcase name="login" time="24.537" classname="com.liqvid.scripts.AdminHomeTest"/>
</testsuite> <!-- com.liqvid.scripts.AdminHomeTest -->
