<?xml version="1.0" encoding="UTF-8"?>
<!-- Generated by org.testng.reporters.JUnitReportReporter -->
<testsuite hostname="CBT-CAB3-03" name="com.liqvid.scripts.VerifyElements" tests="1" failures="0" timestamp="11 Jan 2017 11:32:26 GMT" time="12.084" errors="0">
  <testcase name="verifySignInPage" time="12.084" classname="com.liqvid.scripts.VerifyElements"/>
</testsuite> <!-- com.liqvid.scripts.VerifyElements -->
