<?xml version="1.0" encoding="UTF-8"?>
<!-- Generated by org.testng.reporters.JUnitReportReporter -->
<testsuite hostname="CBT-CAB3-03" name="com.liqvid.scripts.VerifyElementsSignIn" tests="1" failures="0" timestamp="24 Jan 2017 07:35:27 GMT" time="18.292" errors="0">
  <testcase name="verifySignInPage" time="18.292" classname="com.liqvid.scripts.VerifyElementsSignIn"/>
</testsuite> <!-- com.liqvid.scripts.VerifyElementsSignIn -->
